<?xml version="1.0" encoding="UTF-8"?>
<!-- Generated by org.testng.reporters.JUnitXMLReporter -->
<testsuite ignored="0" hostname="LAPTOP-5H2K9VJP" failures="3" tests="7" name="Test" time="241.105" errors="0" timestamp="2024-03-15T19:21:25 IST">
  <testcase classname="testScripts.CreateContactTest" name="createNewContactTest" time="23.511"/>
  <testcase classname="testScripts.CreateContactWithExistingOrgTest" name="createContactWithOrgTest" time="28.057">
    <failure type="java.lang.AssertionError" message="The following asserts failed:
	expected [true] but found [false]">
      <![CDATA[java.lang.AssertionError: The following asserts failed:
expected [true] but found [false]
at testScripts.CreateContactWithExistingOrgTest.createContactWithOrgTest(CreateContactWithExistingOrgTest.java:39)
at java.base/java.util.ArrayList.forEach(ArrayList.java:1511)
... Removed 29 stack frames]]>
    </failure>
  </testcase> <!-- createContactWithOrgTest -->
  <testcase classname="testScripts.CreateAndDeleteLeadTest" name="CreateLeadTest" time="39.152"/>
  <testcase classname="testScripts.CreateNewOrgWithTypeAnsIndustryTest" name="createNewOrgWithTypeAndIndustryTest" time="20.231">
    <failure type="java.lang.AssertionError" message="The following asserts failed:
	expected [TYSS64] but found [TYSS6]">
      <![CDATA[java.lang.AssertionError: The following asserts failed:
expected [TYSS64] but found [TYSS6]
at testScripts.CreateNewOrgWithTypeAnsIndustryTest.createNewOrgWithTypeAndIndustryTest(CreateNewOrgWithTypeAnsIndustryTest.java:39)
at java.base/java.util.ArrayList.forEach(ArrayList.java:1511)
... Removed 29 stack frames]]>
    </failure>
  </testcase> <!-- createNewOrgWithTypeAndIndustryTest -->
  <testcase classname="testScripts.CreateOrgTest" name="createOrgTest" time="19.956">
    <failure type="java.lang.AssertionError" message="The following asserts failed:
	expected [TYSS9] but found [TYSS6]">
      <![CDATA[java.lang.AssertionError: The following asserts failed:
expected [TYSS9] but found [TYSS6]
at testScripts.CreateOrgTest.createOrgTest(CreateOrgTest.java:34)
at java.base/java.util.ArrayList.forEach(ArrayList.java:1511)
... Removed 29 stack frames]]>
    </failure>
  </testcase> <!-- createOrgTest -->
  <testcase classname="testScripts.CreateLeadTest" name="CreateLeadTest" time="21.875"/>
  <testcase classname="testScripts.CreateEventTest" name="CreateEventTest" time="19.104"/>
</testsuite> <!-- Test -->
