<!DOCTYPE html PUBLIC "-//W3C//DTD XHTML 1.1//EN" "https://www.w3.org/TR/xhtml11/DTD/xhtml11.dtd">
<html xmlns="https://www.w3.org/1999/xhtml">
<head>
<meta http-equiv="content-type" content="text/html; charset=UTF-8"/>
<title>TestNG Report</title>
<style type="text/css">table {margin-bottom:10px;border-collapse:collapse;empty-cells:show}th,td {border:1px solid #009;padding:.25em .5em}th {vertical-align:bottom}td {vertical-align:top}table a {font-weight:bold}.stripe td {background-color: #E6EBF9}.num {text-align:right}.passedodd td {background-color: #3F3}.passedeven td {background-color: #0A0}.skippedodd td {background-color: #DDD}.skippedeven td {background-color: #CCC}.failedodd td,.attn {background-color: #F33}.failedeven td,.stripe .attn {background-color: #D00}.stacktrace {white-space:pre;font-family:monospace}.totop {font-size:85%;text-align:center;border-bottom:2px solid #000}.invisible {display:none}</style>
</head>
<body>
<table>
<tr><th>Test</th><th># Passed</th><th># Skipped</th><th># Retried</th><th># Failed</th><th>Time (ms)</th><th>Included Groups</th><th>Excluded Groups</th></tr>
<tr><th colspan="8">Suite</th></tr>
<tr><td><a href="#t0">Test</a></td><td class="num">4</td><td class="num">0</td><td class="num">0</td><td class="num attn">3</td><td class="num">241,105</td><td></td><td></td></tr>
</table>
<table id='summary'><thead><tr><th>Class</th><th>Method</th><th>Start</th><th>Time (ms)</th></tr></thead><tbody><tr><th colspan="4">Suite</th></tr></tbody><tbody id="t0"><tr><th colspan="4">Test &#8212; failed</th></tr><tr class="failedeven"><td rowspan="1">testScripts.CreateContactWithExistingOrgTest</td><td><a href="#m0">createContactWithOrgTest</a></td><td rowspan="1">1710510490490</td><td rowspan="1">28057</td></tr><tr class="failedodd"><td rowspan="1">testScripts.CreateNewOrgWithTypeAnsIndustryTest</td><td><a href="#m1">createNewOrgWithTypeAndIndustryTest</a></td><td rowspan="1">1710510574604</td><td rowspan="1">20231</td></tr><tr class="failedeven"><td rowspan="1">testScripts.CreateOrgTest</td><td><a href="#m2">createOrgTest</a></td><td rowspan="1">1710510603869</td><td rowspan="1">19956</td></tr><tr><th colspan="4">Test &#8212; passed</th></tr><tr class="passedeven"><td rowspan="1">testScripts.CreateAndDeleteLeadTest</td><td><a href="#m3">CreateLeadTest</a></td><td rowspan="1">1710510526919</td><td rowspan="1">39152</td></tr><tr class="passedodd"><td rowspan="1">testScripts.CreateContactTest</td><td><a href="#m4">createNewContactTest</a></td><td rowspan="1">1710510457846</td><td rowspan="1">23511</td></tr><tr class="passedeven"><td rowspan="1">testScripts.CreateEventTest</td><td><a href="#m5">CreateEventTest</a></td><td rowspan="1">1710510663362</td><td rowspan="1">19104</td></tr><tr class="passedodd"><td rowspan="1">testScripts.CreateLeadTest</td><td><a href="#m6">CreateLeadTest</a></td><td rowspan="1">1710510632570</td><td rowspan="1">21875</td></tr></tbody>
</table>
<h2>Test</h2><h3 id="m0">testScripts.CreateContactWithExistingOrgTest#createContactWithOrgTest</h3><table class="result"><tr><th>Exception</th></tr><tr><td><div class="stacktrace">java.lang.AssertionError: The following asserts failed:
	expected [true] but found [false]
	at testScripts.CreateContactWithExistingOrgTest.createContactWithOrgTest(CreateContactWithExistingOrgTest.java:39)
	at java.base/java.util.ArrayList.forEach(ArrayList.java:1511)
... Removed 29 stack frames</div></td></tr></table><p class="totop"><a href="#summary">back to summary</a></p>
<h3 id="m1">testScripts.CreateNewOrgWithTypeAnsIndustryTest#createNewOrgWithTypeAndIndustryTest</h3><table class="result"><tr><th>Exception</th></tr><tr><td><div class="stacktrace">java.lang.AssertionError: The following asserts failed:
	expected [TYSS64] but found [TYSS6]
	at testScripts.CreateNewOrgWithTypeAnsIndustryTest.createNewOrgWithTypeAndIndustryTest(CreateNewOrgWithTypeAnsIndustryTest.java:39)
	at java.base/java.util.ArrayList.forEach(ArrayList.java:1511)
... Removed 29 stack frames</div></td></tr></table><p class="totop"><a href="#summary">back to summary</a></p>
<h3 id="m2">testScripts.CreateOrgTest#createOrgTest</h3><table class="result"><tr><th>Exception</th></tr><tr><td><div class="stacktrace">java.lang.AssertionError: The following asserts failed:
	expected [TYSS9] but found [TYSS6]
	at testScripts.CreateOrgTest.createOrgTest(CreateOrgTest.java:34)
	at java.base/java.util.ArrayList.forEach(ArrayList.java:1511)
... Removed 29 stack frames</div></td></tr></table><p class="totop"><a href="#summary">back to summary</a></p>
<h3 id="m3">testScripts.CreateAndDeleteLeadTest#CreateLeadTest</h3><table class="result"><tr><th class="invisible"/></tr></table><p class="totop"><a href="#summary">back to summary</a></p>
<h3 id="m4">testScripts.CreateContactTest#createNewContactTest</h3><table class="result"><tr><th class="invisible"/></tr></table><p class="totop"><a href="#summary">back to summary</a></p>
<h3 id="m5">testScripts.CreateEventTest#CreateEventTest</h3><table class="result"><tr><th class="invisible"/></tr></table><p class="totop"><a href="#summary">back to summary</a></p>
<h3 id="m6">testScripts.CreateLeadTest#CreateLeadTest</h3><table class="result"><tr><th class="invisible"/></tr></table><p class="totop"><a href="#summary">back to summary</a></p>
</body>
</html>
