<?xml version="1.0" encoding="UTF-8"?>
<testng-results ignored="0" total="7" passed="4" failed="3" skipped="0">
  <reporter-output>
  </reporter-output>
  <suite started-at="2024-03-15T19:17:24 IST" name="Suite" finished-at="2024-03-15T19:21:25 IST" duration-ms="241105">
    <groups>
    </groups>
    <test started-at="2024-03-15T19:17:24 IST" name="Test" finished-at="2024-03-15T19:21:25 IST" duration-ms="241105">
      <class name="testScripts.CreateNewOrgWithTypeAnsIndustryTest">
        <test-method is-config="true" signature="classSetup()[pri:0, instance:testScripts.CreateNewOrgWithTypeAnsIndustryTest@78691363]" started-at="2024-03-15T19:19:28 IST" name="classSetup" finished-at="2024-03-15T19:19:29 IST" duration-ms="966" status="PASS">
          <reporter-output>
          </reporter-output>
        </test-method> <!-- classSetup -->
        <test-method is-config="true" signature="methodSetup()[pri:0, instance:testScripts.CreateNewOrgWithTypeAnsIndustryTest@78691363]" started-at="2024-03-15T19:19:29 IST" name="methodSetup" finished-at="2024-03-15T19:19:34 IST" duration-ms="4837" status="PASS">
          <reporter-output>
          </reporter-output>
        </test-method> <!-- methodSetup -->
        <test-method signature="createNewOrgWithTypeAndIndustryTest()[pri:0, instance:testScripts.CreateNewOrgWithTypeAnsIndustryTest@78691363]" started-at="2024-03-15T19:19:34 IST" name="createNewOrgWithTypeAndIndustryTest" finished-at="2024-03-15T19:19:54 IST" duration-ms="20231" status="FAIL">
          <exception class="java.lang.AssertionError">
            <message>
              <![CDATA[The following asserts failed:
expected [TYSS64] but found [TYSS6]]]>
            </message>
            <full-stacktrace>
              <![CDATA[java.lang.AssertionError: The following asserts failed:
expected [TYSS64] but found [TYSS6]
at org.testng.asserts.SoftAssert.assertAll(SoftAssert.java:46)
at org.testng.asserts.SoftAssert.assertAll(SoftAssert.java:30)
at testScripts.CreateNewOrgWithTypeAnsIndustryTest.createNewOrgWithTypeAndIndustryTest(CreateNewOrgWithTypeAnsIndustryTest.java:39)
at java.base/jdk.internal.reflect.NativeMethodAccessorImpl.invoke0(Native Method)
at java.base/jdk.internal.reflect.NativeMethodAccessorImpl.invoke(NativeMethodAccessorImpl.java:77)
at java.base/jdk.internal.reflect.DelegatingMethodAccessorImpl.invoke(DelegatingMethodAccessorImpl.java:43)
at java.base/java.lang.reflect.Method.invoke(Method.java:568)
at org.testng.internal.invokers.MethodInvocationHelper.invokeMethod(MethodInvocationHelper.java:139)
at org.testng.internal.invokers.TestInvoker.invokeMethod(TestInvoker.java:677)
at org.testng.internal.invokers.TestInvoker.invokeTestMethod(TestInvoker.java:221)
at org.testng.internal.invokers.MethodRunner.runInSequence(MethodRunner.java:50)
at org.testng.internal.invokers.TestInvoker$MethodInvocationAgent.invoke(TestInvoker.java:969)
at org.testng.internal.invokers.TestInvoker.invokeTestMethods(TestInvoker.java:194)
at org.testng.internal.invokers.TestMethodWorker.invokeTestMethods(TestMethodWorker.java:148)
at org.testng.internal.invokers.TestMethodWorker.run(TestMethodWorker.java:128)
at java.base/java.util.ArrayList.forEach(ArrayList.java:1511)
at org.testng.TestRunner.privateRun(TestRunner.java:829)
at org.testng.TestRunner.run(TestRunner.java:602)
at org.testng.SuiteRunner.runTest(SuiteRunner.java:437)
at org.testng.SuiteRunner.runSequentially(SuiteRunner.java:431)
at org.testng.SuiteRunner.privateRun(SuiteRunner.java:391)
at org.testng.SuiteRunner.run(SuiteRunner.java:330)
at org.testng.SuiteRunnerWorker.runSuite(SuiteRunnerWorker.java:52)
at org.testng.SuiteRunnerWorker.run(SuiteRunnerWorker.java:95)
at org.testng.TestNG.runSuitesSequentially(TestNG.java:1256)
at org.testng.TestNG.runSuitesLocally(TestNG.java:1176)
at org.testng.TestNG.runSuites(TestNG.java:1099)
at org.testng.TestNG.run(TestNG.java:1067)
at org.testng.remote.AbstractRemoteTestNG.run(AbstractRemoteTestNG.java:115)
at org.testng.remote.RemoteTestNG.initAndRun(RemoteTestNG.java:251)
at org.testng.remote.RemoteTestNG.main(RemoteTestNG.java:77)
]]>
            </full-stacktrace>
          </exception> <!-- java.lang.AssertionError -->
          <reporter-output>
          </reporter-output>
        </test-method> <!-- createNewOrgWithTypeAndIndustryTest -->
        <test-method is-config="true" signature="methodTeardown()[pri:0, instance:testScripts.CreateNewOrgWithTypeAnsIndustryTest@78691363]" started-at="2024-03-15T19:19:55 IST" name="methodTeardown" finished-at="2024-03-15T19:19:57 IST" duration-ms="2263" status="PASS">
          <reporter-output>
          </reporter-output>
        </test-method> <!-- methodTeardown -->
        <test-method is-config="true" signature="classTeardown()[pri:0, instance:testScripts.CreateNewOrgWithTypeAnsIndustryTest@78691363]" started-at="2024-03-15T19:19:57 IST" name="classTeardown" finished-at="2024-03-15T19:19:57 IST" duration-ms="308" status="PASS">
          <reporter-output>
          </reporter-output>
        </test-method> <!-- classTeardown -->
      </class> <!-- testScripts.CreateNewOrgWithTypeAnsIndustryTest -->
      <class name="testScripts.CreateLeadTest">
        <test-method is-config="true" signature="classSetup()[pri:0, instance:testScripts.CreateLeadTest@3590fc5b]" started-at="2024-03-15T19:20:26 IST" name="classSetup" finished-at="2024-03-15T19:20:27 IST" duration-ms="1207" status="PASS">
          <reporter-output>
          </reporter-output>
        </test-method> <!-- classSetup -->
        <test-method is-config="true" signature="methodSetup()[pri:0, instance:testScripts.CreateLeadTest@3590fc5b]" started-at="2024-03-15T19:20:27 IST" name="methodSetup" finished-at="2024-03-15T19:20:32 IST" duration-ms="4768" status="PASS">
          <reporter-output>
          </reporter-output>
        </test-method> <!-- methodSetup -->
        <test-method signature="CreateLeadTest()[pri:0, instance:testScripts.CreateLeadTest@3590fc5b]" started-at="2024-03-15T19:20:32 IST" name="CreateLeadTest" finished-at="2024-03-15T19:20:54 IST" duration-ms="21875" status="PASS">
          <reporter-output>
          </reporter-output>
        </test-method> <!-- CreateLeadTest -->
        <test-method is-config="true" signature="methodTeardown()[pri:0, instance:testScripts.CreateLeadTest@3590fc5b]" started-at="2024-03-15T19:20:54 IST" name="methodTeardown" finished-at="2024-03-15T19:20:56 IST" duration-ms="2302" status="PASS">
          <reporter-output>
          </reporter-output>
        </test-method> <!-- methodTeardown -->
        <test-method is-config="true" signature="classTeardown()[pri:0, instance:testScripts.CreateLeadTest@3590fc5b]" started-at="2024-03-15T19:20:56 IST" name="classTeardown" finished-at="2024-03-15T19:20:57 IST" duration-ms="258" status="PASS">
          <reporter-output>
          </reporter-output>
        </test-method> <!-- classTeardown -->
      </class> <!-- testScripts.CreateLeadTest -->
      <class name="testScripts.CreateContactWithExistingOrgTest">
        <test-method is-config="true" signature="classSetup()[pri:0, instance:testScripts.CreateContactWithExistingOrgTest@3e694b3f]" started-at="2024-03-15T19:18:04 IST" name="classSetup" finished-at="2024-03-15T19:18:05 IST" duration-ms="1283" status="PASS">
          <reporter-output>
          </reporter-output>
        </test-method> <!-- classSetup -->
        <test-method is-config="true" signature="methodSetup()[pri:0, instance:testScripts.CreateContactWithExistingOrgTest@3e694b3f]" started-at="2024-03-15T19:18:05 IST" name="methodSetup" finished-at="2024-03-15T19:18:10 IST" duration-ms="5091" status="PASS">
          <reporter-output>
          </reporter-output>
        </test-method> <!-- methodSetup -->
        <test-method signature="createContactWithOrgTest()[pri:0, instance:testScripts.CreateContactWithExistingOrgTest@3e694b3f]" started-at="2024-03-15T19:18:10 IST" name="createContactWithOrgTest" finished-at="2024-03-15T19:18:38 IST" duration-ms="28057" status="FAIL">
          <exception class="java.lang.AssertionError">
            <message>
              <![CDATA[The following asserts failed:
expected [true] but found [false]]]>
            </message>
            <full-stacktrace>
              <![CDATA[java.lang.AssertionError: The following asserts failed:
expected [true] but found [false]
at org.testng.asserts.SoftAssert.assertAll(SoftAssert.java:46)
at org.testng.asserts.SoftAssert.assertAll(SoftAssert.java:30)
at testScripts.CreateContactWithExistingOrgTest.createContactWithOrgTest(CreateContactWithExistingOrgTest.java:39)
at java.base/jdk.internal.reflect.NativeMethodAccessorImpl.invoke0(Native Method)
at java.base/jdk.internal.reflect.NativeMethodAccessorImpl.invoke(NativeMethodAccessorImpl.java:77)
at java.base/jdk.internal.reflect.DelegatingMethodAccessorImpl.invoke(DelegatingMethodAccessorImpl.java:43)
at java.base/java.lang.reflect.Method.invoke(Method.java:568)
at org.testng.internal.invokers.MethodInvocationHelper.invokeMethod(MethodInvocationHelper.java:139)
at org.testng.internal.invokers.TestInvoker.invokeMethod(TestInvoker.java:677)
at org.testng.internal.invokers.TestInvoker.invokeTestMethod(TestInvoker.java:221)
at org.testng.internal.invokers.MethodRunner.runInSequence(MethodRunner.java:50)
at org.testng.internal.invokers.TestInvoker$MethodInvocationAgent.invoke(TestInvoker.java:969)
at org.testng.internal.invokers.TestInvoker.invokeTestMethods(TestInvoker.java:194)
at org.testng.internal.invokers.TestMethodWorker.invokeTestMethods(TestMethodWorker.java:148)
at org.testng.internal.invokers.TestMethodWorker.run(TestMethodWorker.java:128)
at java.base/java.util.ArrayList.forEach(ArrayList.java:1511)
at org.testng.TestRunner.privateRun(TestRunner.java:829)
at org.testng.TestRunner.run(TestRunner.java:602)
at org.testng.SuiteRunner.runTest(SuiteRunner.java:437)
at org.testng.SuiteRunner.runSequentially(SuiteRunner.java:431)
at org.testng.SuiteRunner.privateRun(SuiteRunner.java:391)
at org.testng.SuiteRunner.run(SuiteRunner.java:330)
at org.testng.SuiteRunnerWorker.runSuite(SuiteRunnerWorker.java:52)
at org.testng.SuiteRunnerWorker.run(SuiteRunnerWorker.java:95)
at org.testng.TestNG.runSuitesSequentially(TestNG.java:1256)
at org.testng.TestNG.runSuitesLocally(TestNG.java:1176)
at org.testng.TestNG.runSuites(TestNG.java:1099)
at org.testng.TestNG.run(TestNG.java:1067)
at org.testng.remote.AbstractRemoteTestNG.run(AbstractRemoteTestNG.java:115)
at org.testng.remote.RemoteTestNG.initAndRun(RemoteTestNG.java:251)
at org.testng.remote.RemoteTestNG.main(RemoteTestNG.java:77)
]]>
            </full-stacktrace>
          </exception> <!-- java.lang.AssertionError -->
          <reporter-output>
          </reporter-output>
        </test-method> <!-- createContactWithOrgTest -->
        <test-method is-config="true" signature="methodTeardown()[pri:0, instance:testScripts.CreateContactWithExistingOrgTest@3e694b3f]" started-at="2024-03-15T19:18:38 IST" name="methodTeardown" finished-at="2024-03-15T19:18:41 IST" duration-ms="2268" status="PASS">
          <reporter-output>
          </reporter-output>
        </test-method> <!-- methodTeardown -->
        <test-method is-config="true" signature="classTeardown()[pri:0, instance:testScripts.CreateContactWithExistingOrgTest@3e694b3f]" started-at="2024-03-15T19:18:41 IST" name="classTeardown" finished-at="2024-03-15T19:18:41 IST" duration-ms="363" status="PASS">
          <reporter-output>
          </reporter-output>
        </test-method> <!-- classTeardown -->
      </class> <!-- testScripts.CreateContactWithExistingOrgTest -->
      <class name="testScripts.CreateContactTest">
        <test-method is-config="true" signature="classSetup()[pri:0, instance:testScripts.CreateContactTest@14cd1699]" started-at="2024-03-15T19:17:24 IST" name="classSetup" finished-at="2024-03-15T19:17:29 IST" duration-ms="4646" status="PASS">
          <reporter-output>
          </reporter-output>
        </test-method> <!-- classSetup -->
        <test-method is-config="true" signature="methodSetup()[pri:0, instance:testScripts.CreateContactTest@14cd1699]" started-at="2024-03-15T19:17:29 IST" name="methodSetup" finished-at="2024-03-15T19:17:37 IST" duration-ms="8695" status="PASS">
          <reporter-output>
          </reporter-output>
        </test-method> <!-- methodSetup -->
        <test-method signature="createNewContactTest()[pri:0, instance:testScripts.CreateContactTest@14cd1699]" started-at="2024-03-15T19:17:37 IST" name="createNewContactTest" finished-at="2024-03-15T19:18:01 IST" duration-ms="23511" status="PASS">
          <reporter-output>
          </reporter-output>
        </test-method> <!-- createNewContactTest -->
        <test-method is-config="true" signature="methodTeardown()[pri:0, instance:testScripts.CreateContactTest@14cd1699]" started-at="2024-03-15T19:18:01 IST" name="methodTeardown" finished-at="2024-03-15T19:18:03 IST" duration-ms="2343" status="PASS">
          <reporter-output>
          </reporter-output>
        </test-method> <!-- methodTeardown -->
        <test-method is-config="true" signature="classTeardown()[pri:0, instance:testScripts.CreateContactTest@14cd1699]" started-at="2024-03-15T19:18:03 IST" name="classTeardown" finished-at="2024-03-15T19:18:04 IST" duration-ms="405" status="PASS">
          <reporter-output>
          </reporter-output>
        </test-method> <!-- classTeardown -->
      </class> <!-- testScripts.CreateContactTest -->
      <class name="testScripts.CreateEventTest">
        <test-method is-config="true" signature="classSetup()[pri:0, instance:testScripts.CreateEventTest@397fbdb]" started-at="2024-03-15T19:20:57 IST" name="classSetup" finished-at="2024-03-15T19:20:58 IST" duration-ms="1124" status="PASS">
          <reporter-output>
          </reporter-output>
        </test-method> <!-- classSetup -->
        <test-method is-config="true" signature="methodSetup()[pri:0, instance:testScripts.CreateEventTest@397fbdb]" started-at="2024-03-15T19:20:58 IST" name="methodSetup" finished-at="2024-03-15T19:21:03 IST" duration-ms="5229" status="PASS">
          <reporter-output>
          </reporter-output>
        </test-method> <!-- methodSetup -->
        <test-method signature="CreateEventTest()[pri:0, instance:testScripts.CreateEventTest@397fbdb]" started-at="2024-03-15T19:21:03 IST" name="CreateEventTest" finished-at="2024-03-15T19:21:22 IST" duration-ms="19104" status="PASS">
          <reporter-output>
          </reporter-output>
        </test-method> <!-- CreateEventTest -->
        <test-method is-config="true" signature="methodTeardown()[pri:0, instance:testScripts.CreateEventTest@397fbdb]" started-at="2024-03-15T19:21:22 IST" name="methodTeardown" finished-at="2024-03-15T19:21:24 IST" duration-ms="2488" status="PASS">
          <reporter-output>
          </reporter-output>
        </test-method> <!-- methodTeardown -->
        <test-method is-config="true" signature="classTeardown()[pri:0, instance:testScripts.CreateEventTest@397fbdb]" started-at="2024-03-15T19:21:24 IST" name="classTeardown" finished-at="2024-03-15T19:21:25 IST" duration-ms="316" status="PASS">
          <reporter-output>
          </reporter-output>
        </test-method> <!-- classTeardown -->
      </class> <!-- testScripts.CreateEventTest -->
      <class name="testScripts.CreateAndDeleteLeadTest">
        <test-method is-config="true" signature="classSetup()[pri:0, instance:testScripts.CreateAndDeleteLeadTest@1bb5a082]" started-at="2024-03-15T19:18:41 IST" name="classSetup" finished-at="2024-03-15T19:18:42 IST" duration-ms="1024" status="PASS">
          <reporter-output>
          </reporter-output>
        </test-method> <!-- classSetup -->
        <test-method is-config="true" signature="methodSetup()[pri:0, instance:testScripts.CreateAndDeleteLeadTest@1bb5a082]" started-at="2024-03-15T19:18:42 IST" name="methodSetup" finished-at="2024-03-15T19:18:46 IST" duration-ms="4528" status="PASS">
          <reporter-output>
          </reporter-output>
        </test-method> <!-- methodSetup -->
        <test-method signature="CreateLeadTest()[pri:0, instance:testScripts.CreateAndDeleteLeadTest@1bb5a082]" started-at="2024-03-15T19:18:46 IST" name="CreateLeadTest" finished-at="2024-03-15T19:19:26 IST" duration-ms="39152" status="PASS">
          <reporter-output>
          </reporter-output>
        </test-method> <!-- CreateLeadTest -->
        <test-method is-config="true" signature="methodTeardown()[pri:0, instance:testScripts.CreateAndDeleteLeadTest@1bb5a082]" started-at="2024-03-15T19:19:26 IST" name="methodTeardown" finished-at="2024-03-15T19:19:28 IST" duration-ms="2466" status="PASS">
          <reporter-output>
          </reporter-output>
        </test-method> <!-- methodTeardown -->
        <test-method is-config="true" signature="classTeardown()[pri:0, instance:testScripts.CreateAndDeleteLeadTest@1bb5a082]" started-at="2024-03-15T19:19:28 IST" name="classTeardown" finished-at="2024-03-15T19:19:28 IST" duration-ms="254" status="PASS">
          <reporter-output>
          </reporter-output>
        </test-method> <!-- classTeardown -->
      </class> <!-- testScripts.CreateAndDeleteLeadTest -->
      <class name="testScripts.CreateOrgTest">
        <test-method is-config="true" signature="classSetup()[pri:0, instance:testScripts.CreateOrgTest@41d477ed]" started-at="2024-03-15T19:19:57 IST" name="classSetup" finished-at="2024-03-15T19:19:58 IST" duration-ms="1174" status="PASS">
          <reporter-output>
          </reporter-output>
        </test-method> <!-- classSetup -->
        <test-method is-config="true" signature="methodSetup()[pri:0, instance:testScripts.CreateOrgTest@41d477ed]" started-at="2024-03-15T19:19:58 IST" name="methodSetup" finished-at="2024-03-15T19:20:03 IST" duration-ms="5058" status="PASS">
          <reporter-output>
          </reporter-output>
        </test-method> <!-- methodSetup -->
        <test-method signature="createOrgTest()[pri:0, instance:testScripts.CreateOrgTest@41d477ed]" started-at="2024-03-15T19:20:03 IST" name="createOrgTest" finished-at="2024-03-15T19:20:23 IST" duration-ms="19956" status="FAIL">
          <exception class="java.lang.AssertionError">
            <message>
              <![CDATA[The following asserts failed:
expected [TYSS9] but found [TYSS6]]]>
            </message>
            <full-stacktrace>
              <![CDATA[java.lang.AssertionError: The following asserts failed:
expected [TYSS9] but found [TYSS6]
at org.testng.asserts.SoftAssert.assertAll(SoftAssert.java:46)
at org.testng.asserts.SoftAssert.assertAll(SoftAssert.java:30)
at testScripts.CreateOrgTest.createOrgTest(CreateOrgTest.java:34)
at java.base/jdk.internal.reflect.NativeMethodAccessorImpl.invoke0(Native Method)
at java.base/jdk.internal.reflect.NativeMethodAccessorImpl.invoke(NativeMethodAccessorImpl.java:77)
at java.base/jdk.internal.reflect.DelegatingMethodAccessorImpl.invoke(DelegatingMethodAccessorImpl.java:43)
at java.base/java.lang.reflect.Method.invoke(Method.java:568)
at org.testng.internal.invokers.MethodInvocationHelper.invokeMethod(MethodInvocationHelper.java:139)
at org.testng.internal.invokers.TestInvoker.invokeMethod(TestInvoker.java:677)
at org.testng.internal.invokers.TestInvoker.invokeTestMethod(TestInvoker.java:221)
at org.testng.internal.invokers.MethodRunner.runInSequence(MethodRunner.java:50)
at org.testng.internal.invokers.TestInvoker$MethodInvocationAgent.invoke(TestInvoker.java:969)
at org.testng.internal.invokers.TestInvoker.invokeTestMethods(TestInvoker.java:194)
at org.testng.internal.invokers.TestMethodWorker.invokeTestMethods(TestMethodWorker.java:148)
at org.testng.internal.invokers.TestMethodWorker.run(TestMethodWorker.java:128)
at java.base/java.util.ArrayList.forEach(ArrayList.java:1511)
at org.testng.TestRunner.privateRun(TestRunner.java:829)
at org.testng.TestRunner.run(TestRunner.java:602)
at org.testng.SuiteRunner.runTest(SuiteRunner.java:437)
at org.testng.SuiteRunner.runSequentially(SuiteRunner.java:431)
at org.testng.SuiteRunner.privateRun(SuiteRunner.java:391)
at org.testng.SuiteRunner.run(SuiteRunner.java:330)
at org.testng.SuiteRunnerWorker.runSuite(SuiteRunnerWorker.java:52)
at org.testng.SuiteRunnerWorker.run(SuiteRunnerWorker.java:95)
at org.testng.TestNG.runSuitesSequentially(TestNG.java:1256)
at org.testng.TestNG.runSuitesLocally(TestNG.java:1176)
at org.testng.TestNG.runSuites(TestNG.java:1099)
at org.testng.TestNG.run(TestNG.java:1067)
at org.testng.remote.AbstractRemoteTestNG.run(AbstractRemoteTestNG.java:115)
at org.testng.remote.RemoteTestNG.initAndRun(RemoteTestNG.java:251)
at org.testng.remote.RemoteTestNG.main(RemoteTestNG.java:77)
]]>
            </full-stacktrace>
          </exception> <!-- java.lang.AssertionError -->
          <reporter-output>
          </reporter-output>
        </test-method> <!-- createOrgTest -->
        <test-method is-config="true" signature="methodTeardown()[pri:0, instance:testScripts.CreateOrgTest@41d477ed]" started-at="2024-03-15T19:20:24 IST" name="methodTeardown" finished-at="2024-03-15T19:20:26 IST" duration-ms="2287" status="PASS">
          <reporter-output>
          </reporter-output>
        </test-method> <!-- methodTeardown -->
        <test-method is-config="true" signature="classTeardown()[pri:0, instance:testScripts.CreateOrgTest@41d477ed]" started-at="2024-03-15T19:20:26 IST" name="classTeardown" finished-at="2024-03-15T19:20:26 IST" duration-ms="275" status="PASS">
          <reporter-output>
          </reporter-output>
        </test-method> <!-- classTeardown -->
      </class> <!-- testScripts.CreateOrgTest -->
    </test> <!-- Test -->
  </suite> <!-- Suite -->
</testng-results>
